[ 2019-08-13T10:44:25+08:00 ] ::1 /index.php/Admin/Public/%20%20%20%20%20%20%20%20%20%20%20%20%20%20%20%20%20%20%20%20%20%20%20%20captcha
ERR: 非法操作:                        captcha

[ 2019-08-13T10:44:47+08:00 ] ::1 /index.php/Admin/Public/%20%20%20%20%20%20%20%20%20%20%20%20%20%20%20%20%20%20%20%20%20%20%20%20captcha
ERR: 非法操作:                        captcha

[ 2019-08-13T10:44:52+08:00 ] ::1 /index.php/Admin/Public/__ADMIN_/css/base.css
ERR: 非法操作:__ADMIN_

[ 2019-08-13T10:44:52+08:00 ] ::1 /index.php/Admin/Public/js/jquery.js
ERR: 非法操作:js

[ 2019-08-13T10:44:52+08:00 ] ::1 /index.php/Admin/Public/js/common.js
ERR: 非法操作:js

[ 2019-08-13T10:44:52+08:00 ] ::1 /index.php/Admin/Public/js/core.js
ERR: 非法操作:js

[ 2019-08-13T10:44:52+08:00 ] ::1 /index.php/Admin/Public/js/jquery.dialog.js
ERR: 非法操作:js

[ 2019-08-13T10:44:52+08:00 ] ::1 /index.php/Admin/Public/js/index.js
ERR: 非法操作:js

[ 2019-08-13T10:44:52+08:00 ] ::1 /index.php/Admin/Public/css/base.css
ERR: 非法操作:css

[ 2019-08-13T10:44:52+08:00 ] ::1 /index.php/Admin/Public/css/home.css
ERR: 非法操作:css

[ 2019-08-13T10:44:52+08:00 ] ::1 /index.php/Admin/Public/js/jquery.js
ERR: 非法操作:js

[ 2019-08-13T10:44:52+08:00 ] ::1 /index.php/Admin/Public/js/common.js
ERR: 非法操作:js

[ 2019-08-13T10:44:53+08:00 ] ::1 /index.php/Admin/Public/js/common.js
ERR: 非法操作:js

[ 2019-08-13T10:44:53+08:00 ] ::1 /index.php/Admin/Public/js/core.js
ERR: 非法操作:js

[ 2019-08-13T10:44:53+08:00 ] ::1 /index.php/Admin/Public/js/jquery.dialog.js
ERR: 非法操作:js

[ 2019-08-13T10:44:53+08:00 ] ::1 /index.php/Admin/Public/js/index.js
ERR: 非法操作:js

[ 2019-08-13T10:45:04+08:00 ] ::1 /index.php/Admin/Public/%20%20%20%20%20%20%20%20%20%20%20%20%20%20%20%20%20%20%20%20%20%20%20%20captcha
ERR: 非法操作:                        captcha

[ 2019-08-13T10:45:17+08:00 ] ::1 /index.php/Admin/Public/add
ERR: 非法操作:add

[ 2019-08-13T10:46:25+08:00 ] ::1 /index.php/Admin/Public/%20%20%20%20%20%20%20%20%20%20%20%20%20%20%20%20%20%20%20%20%20%20%20%20captcha
ERR: 非法操作:                        captcha

[ 2019-08-13T10:46:48+08:00 ] ::1 /index.php/Admin/Public/%20%20%20%20%20%20%20%20%20%20%20%20%20%20%20%20%20%20%20%20%20%20%20%20captcha
ERR: 非法操作:                        captcha

[ 2019-08-13T10:48:30+08:00 ] ::1 /index.php/Admin/Public/%20%20%20%20%20%20%20%20%20%20%20%20%20%20%20%20%20%20%20%20%20%20%20%20captcha
ERR: 非法操作:                        captcha

[ 2019-08-13T10:49:56+08:00 ] ::1 /index.php/Admin/Public/__ADMIN_/css/base.css
ERR: 非法操作:__ADMIN_

[ 2019-08-13T10:49:56+08:00 ] ::1 /index.php/Admin/Public/js/jquery.js
ERR: 非法操作:js

[ 2019-08-13T10:49:57+08:00 ] ::1 /index.php/Admin/Public/js/common.js
ERR: 非法操作:js

[ 2019-08-13T10:49:57+08:00 ] ::1 /index.php/Admin/Public/js/core.js
ERR: 非法操作:js

[ 2019-08-13T10:49:57+08:00 ] ::1 /index.php/Admin/Public/js/jquery.dialog.js
ERR: 非法操作:js

[ 2019-08-13T10:49:57+08:00 ] ::1 /index.php/Admin/Public/js/index.js
ERR: 非法操作:js

[ 2019-08-13T10:49:57+08:00 ] ::1 /index.php/Admin/Public/css/base.css
ERR: 非法操作:css

[ 2019-08-13T10:49:57+08:00 ] ::1 /index.php/Admin/Public/css/home.css
ERR: 非法操作:css

[ 2019-08-13T10:49:57+08:00 ] ::1 /index.php/Admin/Public/js/jquery.js
ERR: 非法操作:js

[ 2019-08-13T10:49:57+08:00 ] ::1 /index.php/Admin/Public/js/common.js
ERR: 非法操作:js

[ 2019-08-13T10:49:57+08:00 ] ::1 /index.php/Admin/Public/js/jquery.js
ERR: 非法操作:js

[ 2019-08-13T10:49:57+08:00 ] ::1 /index.php/Admin/Public/js/common.js
ERR: 非法操作:js

[ 2019-08-13T10:49:57+08:00 ] ::1 /index.php/Admin/Public/js/common.js
ERR: 非法操作:js

[ 2019-08-13T10:49:57+08:00 ] ::1 /index.php/Admin/Public/js/core.js
ERR: 非法操作:js

[ 2019-08-13T10:49:57+08:00 ] ::1 /index.php/Admin/Public/js/jquery.dialog.js
ERR: 非法操作:js

[ 2019-08-13T10:49:57+08:00 ] ::1 /index.php/Admin/Public/js/index.js
ERR: 非法操作:js

[ 2019-08-13T10:50:41+08:00 ] ::1 /index.php/Admin/Public/__ADMIN_/css/base.css
ERR: 非法操作:__ADMIN_

[ 2019-08-13T10:50:41+08:00 ] ::1 /index.php/Admin/Public/js/core.js
ERR: 非法操作:js

[ 2019-08-13T10:50:41+08:00 ] ::1 /index.php/Admin/Public/js/jquery.js
ERR: 非法操作:js

[ 2019-08-13T10:50:41+08:00 ] ::1 /index.php/Admin/Public/js/common.js
ERR: 非法操作:js

[ 2019-08-13T10:50:41+08:00 ] ::1 /index.php/Admin/Public/js/jquery.dialog.js
ERR: 非法操作:js

[ 2019-08-13T10:50:41+08:00 ] ::1 /index.php/Admin/Public/js/index.js
ERR: 非法操作:js

[ 2019-08-13T10:50:41+08:00 ] ::1 /index.php/Admin/Public/css/base.css
ERR: 非法操作:css

[ 2019-08-13T10:50:41+08:00 ] ::1 /index.php/Admin/Public/css/home.css
ERR: 非法操作:css

[ 2019-08-13T10:50:41+08:00 ] ::1 /index.php/Admin/Public/js/jquery.js
ERR: 非法操作:js

[ 2019-08-13T10:50:41+08:00 ] ::1 /index.php/Admin/Public/js/common.js
ERR: 非法操作:js

[ 2019-08-13T10:50:41+08:00 ] ::1 /index.php/Admin/Public/js/core.js
ERR: 非法操作:js

[ 2019-08-13T10:50:42+08:00 ] ::1 /index.php/Admin/Public/js/jquery.dialog.js
ERR: 非法操作:js

[ 2019-08-13T10:50:42+08:00 ] ::1 /index.php/Admin/Public/js/index.js
ERR: 非法操作:js

[ 2019-08-13T10:50:47+08:00 ] ::1 /index.php/Admin/Public/%20%20%20%20%20%20%20%20%20%20%20%20%20%20%20%20%20%20%20%20%20%20%20%20captcha
ERR: 非法操作:                        captcha

[ 2019-08-13T10:57:07+08:00 ] ::1 /index.php/Admin/Public/__ADMIN_/css/base.css
ERR: 非法操作:__ADMIN_

[ 2019-08-13T10:57:07+08:00 ] ::1 /index.php/Admin/Public/js/common.js
ERR: 非法操作:js

[ 2019-08-13T10:57:07+08:00 ] ::1 /index.php/Admin/Public/js/jquery.js
ERR: 非法操作:js

[ 2019-08-13T10:57:07+08:00 ] ::1 /index.php/Admin/Public/js/core.js
ERR: 非法操作:js

[ 2019-08-13T10:57:07+08:00 ] ::1 /index.php/Admin/Public/js/jquery.dialog.js
ERR: 非法操作:js

[ 2019-08-13T10:57:07+08:00 ] ::1 /index.php/Admin/Public/js/index.js
ERR: 非法操作:js

[ 2019-08-13T10:57:07+08:00 ] ::1 /index.php/Admin/Public/css/base.css
ERR: 非法操作:css

[ 2019-08-13T10:57:07+08:00 ] ::1 /index.php/Admin/Public/css/home.css
ERR: 非法操作:css

[ 2019-08-13T10:57:07+08:00 ] ::1 /index.php/Admin/Public/js/common.js
ERR: 非法操作:js

[ 2019-08-13T10:57:07+08:00 ] ::1 /index.php/Admin/Public/js/jquery.js
ERR: 非法操作:js

[ 2019-08-13T10:57:07+08:00 ] ::1 /index.php/Admin/Public/js/common.js
ERR: 非法操作:js

[ 2019-08-13T10:57:07+08:00 ] ::1 /index.php/Admin/Public/js/common.js
ERR: 非法操作:js

[ 2019-08-13T10:57:07+08:00 ] ::1 /index.php/Admin/Public/js/core.js
ERR: 非法操作:js

[ 2019-08-13T10:57:08+08:00 ] ::1 /index.php/Admin/Public/js/jquery.dialog.js
ERR: 非法操作:js

[ 2019-08-13T10:57:08+08:00 ] ::1 /index.php/Admin/Public/js/index.js
ERR: 非法操作:js

[ 2019-08-13T10:57:14+08:00 ] ::1 /index.php/Admin/Public/%20%20%20%20%20%20%20%20%20%20%20%20%20%20%20%20%20%20%20%20%20%20%20%20captcha
ERR: 非法操作:                        captcha

[ 2019-08-13T11:07:29+08:00 ] ::1 /index.php/Admin/Public/%20%20%20%20%20%20%20%20%20%20%20%20%20%20%20%20%20%20%20%20%20%20%20%20captcha
ERR: 非法操作:                        captcha

[ 2019-08-13T11:09:17+08:00 ] ::1 /index.php/Admin/Public/%20%20%20%20%20%20%20%20%20%20%20%20%20%20%20%20%20%20%20%20%20%20%20%20captcha
ERR: 非法操作:                        captcha

[ 2019-08-13T11:10:05+08:00 ] ::1 /index.php/Admin/Public/%20%20%20%20%20%20%20%20%20%20%20%20%20%20%20%20%20%20%20%20%20%20%20%20captcha
ERR: 非法操作:                        captcha

[ 2019-08-13T11:10:14+08:00 ] ::1 /index.php/Admin/Public/%20%20%20%20%20%20%20%20%20%20%20%20%20%20%20%20%20%20%20%20%20%20%20%20captcha
ERR: 非法操作:                        captcha

[ 2019-08-13T11:10:14+08:00 ] ::1 /index.php/Admin/Public/%20%20%20%20%20%20%20%20%20%20%20%20%20%20%20%20%20%20%20%20%20%20%20%20captcha
ERR: 非法操作:                        captcha

[ 2019-08-13T11:11:08+08:00 ] ::1 /index.php/Admin/Public/%20%20%20%20%20%20%20%20%20%20%20%20%20%20%20%20%20%20%20%20%20%20%20%20captcha
ERR: 非法操作:                        captcha

[ 2019-08-13T11:11:12+08:00 ] ::1 /index.php/Admin/Public/%20%20%20%20%20%20%20%20%20%20%20%20%20%20%20%20%20%20%20%20%20%20%20%20captcha
ERR: 非法操作:                        captcha

[ 2019-08-13T11:13:20+08:00 ] ::1 /index.php/Admin/Public/%20%20%20%20%20%20%20%20%20%20%20%20%20%20%20%20%20%20%20%20%20%20%20%20captcha
ERR: 非法操作:                        captcha

[ 2019-08-13T11:17:13+08:00 ] ::1 /index.php/Admin/User/showList.html
ERR: 非法操作:showList

[ 2019-08-13T14:08:57+08:00 ] ::1 /index.php/Admin/User/showList.html
ERR: 非法操作:showList

[ 2019-08-13T14:16:19+08:00 ] ::1 /index.php/Admin/User/3
ERR: 非法操作:3

[ 2019-08-13T14:20:57+08:00 ] ::1 /index.php/Admin/User/3
ERR: 非法操作:3

[ 2019-08-13T15:20:47+08:00 ] ::1 /index.php/Admin/User/showList.html
ERR: 非法操作:showList

[ 2019-08-13T15:21:56+08:00 ] ::1 /index.php/Admin/User/showList.html
ERR: 模板不存在:./Application/Admin/View/User/showList.html

