[ 2019-08-02T11:29:32+08:00 ] ::1 /index.php/Home/Register/text
ERR: 无法加载控制器:Register

[ 2019-08-02T12:36:39+08:00 ] ::1 /index.php/Admin/Public/%20%20%20%20%20%20%20%20%20%20%20%20%20%20%20%20%20%20%20%20%20%20%20%20captcha
ERR: 非法操作:                        captcha

[ 2019-08-02T12:40:25+08:00 ] ::1 /index.php/Admin/Public/%20%20%20%20%20%20%20%20%20%20%20%20%20%20%20%20%20%20%20%20%20%20%20%20captcha
ERR: 非法操作:                        captcha

[ 2019-08-02T15:06:24+08:00 ] ::1 /index.php/Admin/Public/%20%20%20%20%20%20%20%20%20%20%20%20%20%20%20%20%20%20%20%20%20%20%20%20captcha
ERR: 非法操作:                        captcha

[ 2019-08-02T15:06:40+08:00 ] ::1 /index.php/Admin/Public/%20%20%20%20%20%20%20%20%20%20%20%20%20%20%20%20%20%20%20%20%20%20%20%20captcha
ERR: 非法操作:                        captcha

[ 2019-08-02T15:06:47+08:00 ] ::1 /index.php/Admin/Public/%20%20%20%20%20%20%20%20%20%20%20%20%20%20%20%20%20%20%20%20%20%20%20%20captcha
ERR: 非法操作:                        captcha

[ 2019-08-02T15:07:25+08:00 ] ::1 /index.php/Admin/Public/%20%20%20%20%20%20%20%20%20%20%20%20%20%20%20%20%20%20%20%20%20%20%20%20captcha
ERR: 非法操作:                        captcha

[ 2019-08-02T15:07:38+08:00 ] ::1 /index.php/Admin/Public/%20%20%20%20%20%20%20%20%20%20%20%20%20%20%20%20%20%20%20%20%20%20%20%20captcha
ERR: 非法操作:                        captcha

[ 2019-08-02T15:07:53+08:00 ] ::1 /index.php/Admin/Public/%20%20%20%20%20%20%20%20%20%20%20%20%20%20%20%20%20%20%20%20%20%20%20%20captcha
ERR: 非法操作:                        captcha

[ 2019-08-02T15:09:34+08:00 ] ::1 /index.php/Admin/Public/%20%20%20%20%20%20%20%20%20%20%20%20%20%20%20%20%20%20%20%20%20%20%20%20captcha
ERR: 非法操作:                        captcha

[ 2019-08-02T15:10:42+08:00 ] ::1 /index.php/Admin/Public/%20%20%20%20%20%20%20%20%20%20%20%20%20%20%20%20%20%20%20%20%20%20%20%20captcha
ERR: 非法操作:                        captcha

[ 2019-08-02T15:10:56+08:00 ] ::1 /index.php/Admin/Public/%20%20%20%20%20%20%20%20%20%20%20%20%20%20%20%20%20%20%20%20%20%20%20%20captcha
ERR: 非法操作:                        captcha

[ 2019-08-02T15:13:43+08:00 ] ::1 /index.php/Admin/Public/%20%20%20%20%20%20%20%20%20%20%20%20%20%20%20%20%20%20%20%20%20%20%20%20captcha
ERR: 非法操作:                        captcha

[ 2019-08-02T15:13:59+08:00 ] ::1 /index.php/Admin/Public/%20%20%20%20%20%20%20%20%20%20%20%20%20%20%20%20%20%20%20%20%20%20%20%20captcha
ERR: 非法操作:                        captcha

[ 2019-08-02T15:15:11+08:00 ] ::1 /index.php/Admin/Public/%20%20%20%20%20%20%20%20%20%20%20%20%20%20%20%20%20%20%20%20%20%20%20%20captcha
ERR: 非法操作:                        captcha

[ 2019-08-02T15:17:59+08:00 ] ::1 /index.php/Admin/Public/%20%20%20%20%20%20%20%20%20%20%20%20%20%20%20%20%20%20%20%20%20%20%20%20captcha
ERR: 非法操作:                        captcha

[ 2019-08-02T15:18:15+08:00 ] ::1 /index.php/Admin/Public/checkLogin.html%20method='post'?username=admin&password=123456&captcha=h2za
ERR: 非法操作:checkLogin.html method='post'

[ 2019-08-02T15:22:35+08:00 ] ::1 /index.php/Admin/Public/checkLogin.html%20method='post'?username=admin&password=123456&captcha=h2za
ERR: 非法操作:checkLogin.html method='post'

[ 2019-08-02T15:22:41+08:00 ] ::1 /index.php/Admin/Public/%20%20%20%20%20%20%20%20%20%20%20%20%20%20%20%20%20%20%20%20%20%20%20%20captcha
ERR: 非法操作:                        captcha

[ 2019-08-02T15:22:44+08:00 ] ::1 /index.php/Admin/Public/%20%20%20%20%20%20%20%20%20%20%20%20%20%20%20%20%20%20%20%20%20%20%20%20captcha
ERR: 非法操作:                        captcha

[ 2019-08-02T15:22:59+08:00 ] ::1 /index.php/Admin/Public/checkLogin.html%20method='post'?username=admin&password=123456&captcha=xsvr
ERR: 非法操作:checkLogin.html method='post'

[ 2019-08-02T15:23:24+08:00 ] ::1 /index.php/Admin/Public/%20%20%20%20%20%20%20%20%20%20%20%20%20%20%20%20%20%20%20%20%20%20%20%20captcha
ERR: 非法操作:                        captcha

[ 2019-08-02T15:23:36+08:00 ] ::1 /index.php/Admin/Public/checkLogin.html%20method='post'?username=admin&password=123456&captcha=qfhw
ERR: 非法操作:checkLogin.html method='post'

[ 2019-08-02T15:24:28+08:00 ] ::1 /index.php/Admin/Public/%20%20%20%20%20%20%20%20%20%20%20%20%20%20%20%20%20%20%20%20%20%20%20%20captcha
ERR: 非法操作:                        captcha

[ 2019-08-02T15:24:39+08:00 ] ::1 /index.php/Admin/Public/checkLogin.html%20method='post'?username=admin&password=123456&captcha=dpdb
ERR: 非法操作:checkLogin.html method='post'

[ 2019-08-02T15:25:39+08:00 ] ::1 /index.php/Admin/Public/checkLogin.html%20method='post'?username=admin&password=123456&captcha=dpdb
ERR: 非法操作:checkLogin.html method='post'

[ 2019-08-02T15:25:40+08:00 ] ::1 /index.php/Admin/Public/%20%20%20%20%20%20%20%20%20%20%20%20%20%20%20%20%20%20%20%20%20%20%20%20captcha
ERR: 非法操作:                        captcha

[ 2019-08-02T15:25:44+08:00 ] ::1 /index.php/Admin/Public/checkLogin.html%20method='post'?username=admin&password=123456&captcha=dpdb
ERR: 非法操作:checkLogin.html method='post'

[ 2019-08-02T15:25:46+08:00 ] ::1 /index.php/Admin/Public/%20%20%20%20%20%20%20%20%20%20%20%20%20%20%20%20%20%20%20%20%20%20%20%20captcha
ERR: 非法操作:                        captcha

[ 2019-08-02T15:25:48+08:00 ] ::1 /index.php/Admin/Public/%20%20%20%20%20%20%20%20%20%20%20%20%20%20%20%20%20%20%20%20%20%20%20%20captcha
ERR: 非法操作:                        captcha

[ 2019-08-02T15:26:06+08:00 ] ::1 /index.php/Admin/Public/%20%20%20%20%20%20%20%20%20%20%20%20%20%20%20%20%20%20%20%20%20%20%20%20captcha
ERR: 非法操作:                        captcha

[ 2019-08-02T15:26:12+08:00 ] ::1 /index.php/Admin/Public/%20%20%20%20%20%20%20%20%20%20%20%20%20%20%20%20%20%20%20%20%20%20%20%20captcha
ERR: 非法操作:                        captcha

[ 2019-08-02T15:26:26+08:00 ] ::1 /index.php/Admin/Public/%20%20%20%20%20%20%20%20%20%20%20%20%20%20%20%20%20%20%20%20%20%20%20%20captcha
ERR: 非法操作:                        captcha

[ 2019-08-02T15:51:38+08:00 ] ::1 /index.php/Admin/Public/%20%20%20%20%20%20%20%20%20%20%20%20%20%20%20%20%20%20%20%20%20%20%20%20captcha
ERR: 非法操作:                        captcha

[ 2019-08-02T15:52:11+08:00 ] ::1 /index.php/Admin/Public/%20%20%20%20%20%20%20%20%20%20%20%20%20%20%20%20%20%20%20%20%20%20%20%20captcha
ERR: 非法操作:                        captcha

[ 2019-08-02T16:08:01+08:00 ] ::1 /index.php/Admin/Public/logon.html
ERR: 非法操作:logon

[ 2019-08-02T16:08:30+08:00 ] ::1 /index.php/Admin/Public/logon.html
ERR: 非法操作:logon

[ 2019-08-02T16:08:38+08:00 ] ::1 /index.php/Admin/Public/%20%20%20%20%20%20%20%20%20%20%20%20%20%20%20%20%20%20%20%20%20%20%20%20captcha
ERR: 非法操作:                        captcha

[ 2019-08-02T16:16:40+08:00 ] ::1 /index.php/Admin/Dept/css/base.css
ERR: 非法操作:css

[ 2019-08-02T16:16:40+08:00 ] ::1 /index.php/Admin/Dept/css/info-mgt.css
ERR: 非法操作:css

[ 2019-08-02T16:16:40+08:00 ] ::1 /index.php/Admin/Dept/css/WdatePicker.css
ERR: 非法操作:css

[ 2019-08-02T16:16:40+08:00 ] ::1 /index.php/Admin/Dept/js/jquery.js
ERR: 非法操作:js

[ 2019-08-02T16:16:40+08:00 ] ::1 /index.php/Admin/Dept/js/common.js
ERR: 非法操作:js

[ 2019-08-02T16:16:40+08:00 ] ::1 /index.php/Admin/Dept/js/WdatePicker.js
ERR: 非法操作:js

[ 2019-08-02T16:16:40+08:00 ] ::1 /index.php/Admin/Dept/js/jquery.pagination.js
ERR: 非法操作:js

