[ 2019-08-01T10:36:22+08:00 ] ::1 /index.php/Admin/index/css/base.css
ERR: 非法操作:css

[ 2019-08-01T10:36:22+08:00 ] ::1 /index.php/Admin/index/css/jquery.dialog.css
ERR: 非法操作:css

[ 2019-08-01T10:36:22+08:00 ] ::1 /index.php/Admin/index/css/index.css
ERR: 非法操作:css

[ 2019-08-01T10:36:22+08:00 ] ::1 /index.php/Admin/index/js/jquery.js
ERR: 非法操作:js

[ 2019-08-01T10:36:22+08:00 ] ::1 /index.php/Admin/index/js/common.js
ERR: 非法操作:js

[ 2019-08-01T10:36:22+08:00 ] ::1 /index.php/Admin/index/js/core.js
ERR: 非法操作:js

[ 2019-08-01T10:36:22+08:00 ] ::1 /index.php/Admin/index/js/jquery.dialog.js
ERR: 非法操作:js

[ 2019-08-01T10:36:23+08:00 ] ::1 /index.php/Admin/index/js/index.js
ERR: 非法操作:js

[ 2019-08-01T10:36:23+08:00 ] ::1 /index.php/Admin/index/css/base.css
ERR: 非法操作:css

[ 2019-08-01T10:36:23+08:00 ] ::1 /index.php/Admin/index/css/home.css
ERR: 非法操作:css

[ 2019-08-01T10:36:23+08:00 ] ::1 /index.php/Admin/index/js/jquery.js
ERR: 非法操作:js

[ 2019-08-01T10:36:23+08:00 ] ::1 /index.php/Admin/index/js/common.js
ERR: 非法操作:js

[ 2019-08-01T10:48:33+08:00 ] ::1 /index.php/Admin/Index/css/base.css
ERR: 非法操作:css

[ 2019-08-01T10:48:33+08:00 ] ::1 /index.php/Admin/Index/css/home.css
ERR: 非法操作:css

[ 2019-08-01T10:48:33+08:00 ] ::1 /index.php/Admin/Index/js/jquery.js
ERR: 非法操作:js

[ 2019-08-01T10:48:33+08:00 ] ::1 /index.php/Admin/Index/js/common.js
ERR: 非法操作:js

[ 2019-08-01T10:48:37+08:00 ] ::1 /index.php/Admin/Index/css/base.css
ERR: 非法操作:css

[ 2019-08-01T10:48:37+08:00 ] ::1 /index.php/Admin/Index/css/home.css
ERR: 非法操作:css

[ 2019-08-01T10:48:37+08:00 ] ::1 /index.php/Admin/Index/js/jquery.js
ERR: 非法操作:js

[ 2019-08-01T10:48:37+08:00 ] ::1 /index.php/Admin/Index/js/common.js
ERR: 非法操作:js

[ 2019-08-01T10:50:10+08:00 ] ::1 /index.php/Admin/Index/css/base.css
ERR: 非法操作:css

[ 2019-08-01T10:50:10+08:00 ] ::1 /index.php/Admin/Index/css/home.css
ERR: 非法操作:css

[ 2019-08-01T10:50:11+08:00 ] ::1 /index.php/Admin/Index/js/jquery.js
ERR: 非法操作:js

[ 2019-08-01T10:50:11+08:00 ] ::1 /index.php/Admin/Index/js/common.js
ERR: 非法操作:js

[ 2019-08-01T12:01:29+08:00 ] ::1 /index.php/Admin/Dept/showList.html
ERR: 非法操作:showList

[ 2019-08-01T12:36:02+08:00 ] ::1 /index.php/Admin/Dept/showList.html
ERR: 非法操作:showList

[ 2019-08-01T12:42:16+08:00 ] ::1 /index.php/Admin/Dept/showList.html
ERR: 非法操作:showList

[ 2019-08-01T12:51:10+08:00 ] ::1 /index.php/Admin/Dept/showList.html
ERR: 非法操作:showList

[ 2019-08-01T12:57:11+08:00 ] ::1 /index.php/Admin/Dept/add.html
ERR: Think\Model:fetsql方法不存在！

[ 2019-08-01T13:00:58+08:00 ] ::1 /index.php/Admin/Dept/add.html
ERR: Think\Model:fetsql方法不存在！

[ 2019-08-01T13:01:56+08:00 ] ::1 /index.php/Admin/Dept/add.html
ERR: Think\Model:fetchsql方法不存在！

[ 2019-08-01T13:02:12+08:00 ] ::1 /index.php/Admin/Dept/add.html
ERR: Think\Model:fetchsql方法不存在！

[ 2019-08-01T13:06:10+08:00 ] ::1 /index.php/Admin/Dept/showList.html
ERR: 非法操作:showList

[ 2019-08-01T13:17:44+08:00 ] ::1 /index.php/Admin/Dept/showList.html
ERR: 非法操作:showList

[ 2019-08-01T13:17:46+08:00 ] ::1 /index.php/Admin/Dept/showList.html
ERR: 非法操作:showList

