[ 2019-08-12T14:05:05+08:00 ] ::1 /index.php/Admin/Public/%20%20%20%20%20%20%20%20%20%20%20%20%20%20%20%20%20%20%20%20%20%20%20%20captcha
ERR: 非法操作:                        captcha

[ 2019-08-12T14:15:25+08:00 ] ::1 /index.php/Admin/Index/info-reg.html
ERR: 非法操作:info-reg

[ 2019-08-12T14:16:11+08:00 ] ::1 /index.php/Admin/Index/info-reg.html
ERR: 非法操作:info-reg

[ 2019-08-12T14:17:18+08:00 ] ::1 /index.php/Admin/Index/info-reg.html
ERR: 非法操作:info-reg

[ 2019-08-12T14:20:51+08:00 ] ::1 /index.php/Admin/Index/info-reg.html
ERR: 非法操作:info-reg

[ 2019-08-12T14:20:53+08:00 ] ::1 /index.php/Admin/Index/info-reg.html
ERR: 非法操作:info-reg

[ 2019-08-12T14:20:57+08:00 ] ::1 /index.php/Admin/Index/info-reg.html
ERR: 非法操作:info-reg

[ 2019-08-12T14:20:59+08:00 ] ::1 /index.php/Admin/Index/info-mgt.html
ERR: 非法操作:info-mgt

[ 2019-08-12T14:21:00+08:00 ] ::1 /index.php/Admin/Index/info-reg.html
ERR: 非法操作:info-reg

[ 2019-08-12T14:21:25+08:00 ] ::1 /index.php/Admin/User/showList.html
ERR: 无法加载控制器:User

[ 2019-08-12T14:21:28+08:00 ] ::1 /index.php/Admin/User/add.html
ERR: 无法加载控制器:User

[ 2019-08-12T14:21:34+08:00 ] ::1 /index.php/Admin/User/showList.html
ERR: 无法加载控制器:User

[ 2019-08-12T14:21:35+08:00 ] ::1 /index.php/Admin/User/showList.html
ERR: 无法加载控制器:User

[ 2019-08-12T14:44:59+08:00 ] ::1 /index.php/Admin/User/addOk
ERR: 非法操作:addOk

[ 2019-08-12T14:48:46+08:00 ] ::1 /index.php/Admin/User/showList.html
ERR: 非法操作:showList

[ 2019-08-12T15:37:26+08:00 ] ::1 /index.php/Admin/User/showList.html
ERR: 非法操作:showList

[ 2019-08-12T15:37:30+08:00 ] ::1 /index.php/Admin/User/3
ERR: 非法操作:3

[ 2019-08-12T15:37:35+08:00 ] ::1 /index.php/Admin/User/3
ERR: 非法操作:3

[ 2019-08-12T15:39:00+08:00 ] ::1 /index.php/Admin/User/showList.html
ERR: 非法操作:showList

[ 2019-08-12T15:39:09+08:00 ] ::1 /index.php/Admin/User/3
ERR: 非法操作:3

[ 2019-08-12T15:40:46+08:00 ] ::1 /index.php/Admin/User/showList.html
ERR: 非法操作:showList

[ 2019-08-12T18:35:56+08:00 ] ::1 /index.php/Admin/User/add.html
ERR: Think\Controller:sucess方法不存在！

[ 2019-08-12T18:38:12+08:00 ] ::1 /index.php/Admin/User/add.html
ERR: Think\Controller:sucess方法不存在！

[ 2019-08-12T18:39:15+08:00 ] ::1 /index.php/Admin/User/showList.html
ERR: 非法操作:showList

[ 2019-08-12T18:39:18+08:00 ] ::1 /index.php/Admin/User/add.html
ERR: Think\Controller:sucess方法不存在！

[ 2019-08-12T18:40:33+08:00 ] ::1 /index.php/Admin/User/add.html
ERR: Think\Controller:sucess方法不存在！

[ 2019-08-12T18:40:38+08:00 ] ::1 /index.php/Admin/User/add.html
ERR: Think\Controller:sucess方法不存在！

