[ 2019-07-25T11:36:08+08:00 ] ::1 /
NOTIC: [2] mkdir(): File exists J:\workspace\practive\practive1\ThinkPHP\Common\build.php 第 44 行.
NOTIC: [2] mkdir(): File exists J:\workspace\practive\practive1\ThinkPHP\Common\build.php 第 63 行.
NOTIC: [2] mkdir(): File exists J:\workspace\practive\practive1\ThinkPHP\Common\build.php 第 63 行.
NOTIC: [2] mkdir(): File exists J:\workspace\practive\practive1\ThinkPHP\Common\build.php 第 63 行.
NOTIC: [2] mkdir(): File exists J:\workspace\practive\practive1\ThinkPHP\Common\build.php 第 63 行.
NOTIC: [2] mkdir(): File exists J:\workspace\practive\practive1\ThinkPHP\Common\build.php 第 63 行.
NOTIC: [2] mkdir(): File exists J:\workspace\practive\practive1\ThinkPHP\Common\build.php 第 63 行.
NOTIC: [2] mkdir(): File exists J:\workspace\practive\practive1\ThinkPHP\Common\build.php 第 63 行.
NOTIC: [2] mkdir(): File exists J:\workspace\practive\practive1\ThinkPHP\Common\build.php 第 63 行.
NOTIC: [2] mkdir(): File exists J:\workspace\practive\practive1\ThinkPHP\Common\build.php 第 63 行.
NOTIC: [2] mkdir(): File exists J:\workspace\practive\practive1\ThinkPHP\Common\build.php 第 63 行.
NOTIC: [2] mkdir(): File exists J:\workspace\practive\practive1\ThinkPHP\Common\build.php 第 63 行.
NOTIC: [2] mkdir(): File exists J:\workspace\practive\practive1\ThinkPHP\Common\build.php 第 63 行.
NOTIC: [2] mkdir(): File exists J:\workspace\practive\practive1\ThinkPHP\Common\build.php 第 63 行.
NOTIC: [2] mkdir(): File exists J:\workspace\practive\practive1\ThinkPHP\Common\build.php 第 63 行.
INFO: [ app_init ] --START--
INFO: Run Behavior\BuildLiteBehavior [ RunTime:0.000014s ]
INFO: [ app_init ] --END-- [ RunTime:0.000073s ]
ERR: 无法加载模块:Home

[ 2019-07-25T11:36:15+08:00 ] ::1 /
NOTIC: [2] mkdir(): File exists J:\workspace\practive\practive1\ThinkPHP\Common\build.php 第 44 行.
NOTIC: [2] mkdir(): File exists J:\workspace\practive\practive1\ThinkPHP\Common\build.php 第 63 行.
NOTIC: [2] mkdir(): File exists J:\workspace\practive\practive1\ThinkPHP\Common\build.php 第 63 行.
NOTIC: [2] mkdir(): File exists J:\workspace\practive\practive1\ThinkPHP\Common\build.php 第 63 行.
NOTIC: [2] mkdir(): File exists J:\workspace\practive\practive1\ThinkPHP\Common\build.php 第 63 行.
NOTIC: [2] mkdir(): File exists J:\workspace\practive\practive1\ThinkPHP\Common\build.php 第 63 行.
NOTIC: [2] mkdir(): File exists J:\workspace\practive\practive1\ThinkPHP\Common\build.php 第 63 行.
NOTIC: [2] mkdir(): File exists J:\workspace\practive\practive1\ThinkPHP\Common\build.php 第 63 行.
NOTIC: [2] mkdir(): File exists J:\workspace\practive\practive1\ThinkPHP\Common\build.php 第 63 行.
NOTIC: [2] mkdir(): File exists J:\workspace\practive\practive1\ThinkPHP\Common\build.php 第 63 行.
NOTIC: [2] mkdir(): File exists J:\workspace\practive\practive1\ThinkPHP\Common\build.php 第 63 行.
NOTIC: [2] mkdir(): File exists J:\workspace\practive\practive1\ThinkPHP\Common\build.php 第 63 行.
NOTIC: [2] mkdir(): File exists J:\workspace\practive\practive1\ThinkPHP\Common\build.php 第 63 行.
NOTIC: [2] mkdir(): File exists J:\workspace\practive\practive1\ThinkPHP\Common\build.php 第 63 行.
NOTIC: [2] mkdir(): File exists J:\workspace\practive\practive1\ThinkPHP\Common\build.php 第 63 行.
INFO: [ app_init ] --START--
INFO: Run Behavior\BuildLiteBehavior [ RunTime:0.000017s ]
INFO: [ app_init ] --END-- [ RunTime:0.000092s ]
ERR: 无法加载模块:Home

[ 2019-07-25T11:39:21+08:00 ] ::1 /
NOTIC: [2] mkdir(): File exists J:\workspace\practive\practive1\ThinkPHP\Common\build.php 第 44 行.
NOTIC: [2] mkdir(): File exists J:\workspace\practive\practive1\ThinkPHP\Common\build.php 第 63 行.
NOTIC: [2] mkdir(): File exists J:\workspace\practive\practive1\ThinkPHP\Common\build.php 第 63 行.
NOTIC: [2] mkdir(): File exists J:\workspace\practive\practive1\ThinkPHP\Common\build.php 第 63 行.
NOTIC: [2] mkdir(): File exists J:\workspace\practive\practive1\ThinkPHP\Common\build.php 第 63 行.
NOTIC: [2] mkdir(): File exists J:\workspace\practive\practive1\ThinkPHP\Common\build.php 第 63 行.
NOTIC: [2] mkdir(): File exists J:\workspace\practive\practive1\ThinkPHP\Common\build.php 第 63 行.
NOTIC: [2] mkdir(): File exists J:\workspace\practive\practive1\ThinkPHP\Common\build.php 第 63 行.
NOTIC: [2] mkdir(): File exists J:\workspace\practive\practive1\ThinkPHP\Common\build.php 第 63 行.
NOTIC: [2] mkdir(): File exists J:\workspace\practive\practive1\ThinkPHP\Common\build.php 第 63 行.
NOTIC: [2] mkdir(): File exists J:\workspace\practive\practive1\ThinkPHP\Common\build.php 第 63 行.
NOTIC: [2] mkdir(): File exists J:\workspace\practive\practive1\ThinkPHP\Common\build.php 第 63 行.
NOTIC: [2] mkdir(): File exists J:\workspace\practive\practive1\ThinkPHP\Common\build.php 第 63 行.
NOTIC: [2] mkdir(): File exists J:\workspace\practive\practive1\ThinkPHP\Common\build.php 第 63 行.
NOTIC: [2] mkdir(): File exists J:\workspace\practive\practive1\ThinkPHP\Common\build.php 第 63 行.
INFO: [ app_init ] --START--
INFO: Run Behavior\BuildLiteBehavior [ RunTime:0.000019s ]
INFO: [ app_init ] --END-- [ RunTime:0.000120s ]
ERR: 无法加载模块:Home

[ 2019-07-25T11:39:24+08:00 ] ::1 /
NOTIC: [2] mkdir(): File exists J:\workspace\practive\practive1\ThinkPHP\Common\build.php 第 44 行.
NOTIC: [2] mkdir(): File exists J:\workspace\practive\practive1\ThinkPHP\Common\build.php 第 63 行.
NOTIC: [2] mkdir(): File exists J:\workspace\practive\practive1\ThinkPHP\Common\build.php 第 63 行.
NOTIC: [2] mkdir(): File exists J:\workspace\practive\practive1\ThinkPHP\Common\build.php 第 63 行.
NOTIC: [2] mkdir(): File exists J:\workspace\practive\practive1\ThinkPHP\Common\build.php 第 63 行.
NOTIC: [2] mkdir(): File exists J:\workspace\practive\practive1\ThinkPHP\Common\build.php 第 63 行.
NOTIC: [2] mkdir(): File exists J:\workspace\practive\practive1\ThinkPHP\Common\build.php 第 63 行.
NOTIC: [2] mkdir(): File exists J:\workspace\practive\practive1\ThinkPHP\Common\build.php 第 63 行.
NOTIC: [2] mkdir(): File exists J:\workspace\practive\practive1\ThinkPHP\Common\build.php 第 63 行.
NOTIC: [2] mkdir(): File exists J:\workspace\practive\practive1\ThinkPHP\Common\build.php 第 63 行.
NOTIC: [2] mkdir(): File exists J:\workspace\practive\practive1\ThinkPHP\Common\build.php 第 63 行.
NOTIC: [2] mkdir(): File exists J:\workspace\practive\practive1\ThinkPHP\Common\build.php 第 63 行.
NOTIC: [2] mkdir(): File exists J:\workspace\practive\practive1\ThinkPHP\Common\build.php 第 63 行.
NOTIC: [2] mkdir(): File exists J:\workspace\practive\practive1\ThinkPHP\Common\build.php 第 63 行.
NOTIC: [2] mkdir(): File exists J:\workspace\practive\practive1\ThinkPHP\Common\build.php 第 63 行.
INFO: [ app_init ] --START--
INFO: Run Behavior\BuildLiteBehavior [ RunTime:0.000011s ]
INFO: [ app_init ] --END-- [ RunTime:0.000062s ]
ERR: 无法加载模块:Home

[ 2019-07-25T11:42:23+08:00 ] ::1 /
NOTIC: [2] mkdir(): File exists J:\workspace\practive\practive1\ThinkPHP\Common\build.php 第 44 行.
NOTIC: [2] mkdir(): File exists J:\workspace\practive\practive1\ThinkPHP\Common\build.php 第 63 行.
NOTIC: [2] mkdir(): File exists J:\workspace\practive\practive1\ThinkPHP\Common\build.php 第 63 行.
NOTIC: [2] mkdir(): File exists J:\workspace\practive\practive1\ThinkPHP\Common\build.php 第 63 行.
NOTIC: [2] mkdir(): File exists J:\workspace\practive\practive1\ThinkPHP\Common\build.php 第 63 行.
NOTIC: [2] mkdir(): File exists J:\workspace\practive\practive1\ThinkPHP\Common\build.php 第 63 行.
NOTIC: [2] mkdir(): File exists J:\workspace\practive\practive1\ThinkPHP\Common\build.php 第 63 行.
NOTIC: [2] mkdir(): File exists J:\workspace\practive\practive1\ThinkPHP\Common\build.php 第 63 行.
NOTIC: [2] mkdir(): File exists J:\workspace\practive\practive1\ThinkPHP\Common\build.php 第 63 行.
NOTIC: [2] mkdir(): File exists J:\workspace\practive\practive1\ThinkPHP\Common\build.php 第 63 行.
NOTIC: [2] mkdir(): File exists J:\workspace\practive\practive1\ThinkPHP\Common\build.php 第 63 行.
NOTIC: [2] mkdir(): File exists J:\workspace\practive\practive1\ThinkPHP\Common\build.php 第 63 行.
NOTIC: [2] mkdir(): File exists J:\workspace\practive\practive1\ThinkPHP\Common\build.php 第 63 行.
NOTIC: [2] mkdir(): File exists J:\workspace\practive\practive1\ThinkPHP\Common\build.php 第 63 行.
NOTIC: [2] mkdir(): File exists J:\workspace\practive\practive1\ThinkPHP\Common\build.php 第 63 行.
INFO: [ app_init ] --START--
INFO: Run Behavior\BuildLiteBehavior [ RunTime:0.000031s ]
INFO: [ app_init ] --END-- [ RunTime:0.000151s ]
ERR: 无法加载模块:Home

[ 2019-07-25T11:42:24+08:00 ] ::1 /
NOTIC: [2] mkdir(): File exists J:\workspace\practive\practive1\ThinkPHP\Common\build.php 第 44 行.
NOTIC: [2] mkdir(): File exists J:\workspace\practive\practive1\ThinkPHP\Common\build.php 第 63 行.
NOTIC: [2] mkdir(): File exists J:\workspace\practive\practive1\ThinkPHP\Common\build.php 第 63 行.
NOTIC: [2] mkdir(): File exists J:\workspace\practive\practive1\ThinkPHP\Common\build.php 第 63 行.
NOTIC: [2] mkdir(): File exists J:\workspace\practive\practive1\ThinkPHP\Common\build.php 第 63 行.
NOTIC: [2] mkdir(): File exists J:\workspace\practive\practive1\ThinkPHP\Common\build.php 第 63 行.
NOTIC: [2] mkdir(): File exists J:\workspace\practive\practive1\ThinkPHP\Common\build.php 第 63 行.
NOTIC: [2] mkdir(): File exists J:\workspace\practive\practive1\ThinkPHP\Common\build.php 第 63 行.
NOTIC: [2] mkdir(): File exists J:\workspace\practive\practive1\ThinkPHP\Common\build.php 第 63 行.
NOTIC: [2] mkdir(): File exists J:\workspace\practive\practive1\ThinkPHP\Common\build.php 第 63 行.
NOTIC: [2] mkdir(): File exists J:\workspace\practive\practive1\ThinkPHP\Common\build.php 第 63 行.
NOTIC: [2] mkdir(): File exists J:\workspace\practive\practive1\ThinkPHP\Common\build.php 第 63 行.
NOTIC: [2] mkdir(): File exists J:\workspace\practive\practive1\ThinkPHP\Common\build.php 第 63 行.
NOTIC: [2] mkdir(): File exists J:\workspace\practive\practive1\ThinkPHP\Common\build.php 第 63 行.
NOTIC: [2] mkdir(): File exists J:\workspace\practive\practive1\ThinkPHP\Common\build.php 第 63 行.
INFO: [ app_init ] --START--
INFO: Run Behavior\BuildLiteBehavior [ RunTime:0.000033s ]
INFO: [ app_init ] --END-- [ RunTime:0.000145s ]
ERR: 无法加载模块:Home

[ 2019-07-25T17:42:45+08:00 ] ::1 /
NOTIC: [2] mkdir(): File exists J:\workspace\practive\practive1\ThinkPHP\Common\build.php 第 44 行.
NOTIC: [2] mkdir(): File exists J:\workspace\practive\practive1\ThinkPHP\Common\build.php 第 63 行.
NOTIC: [2] mkdir(): File exists J:\workspace\practive\practive1\ThinkPHP\Common\build.php 第 63 行.
NOTIC: [2] mkdir(): File exists J:\workspace\practive\practive1\ThinkPHP\Common\build.php 第 63 行.
NOTIC: [2] mkdir(): File exists J:\workspace\practive\practive1\ThinkPHP\Common\build.php 第 63 行.
NOTIC: [2] mkdir(): File exists J:\workspace\practive\practive1\ThinkPHP\Common\build.php 第 63 行.
NOTIC: [2] mkdir(): File exists J:\workspace\practive\practive1\ThinkPHP\Common\build.php 第 63 行.
NOTIC: [2] mkdir(): File exists J:\workspace\practive\practive1\ThinkPHP\Common\build.php 第 63 行.
NOTIC: [2] mkdir(): File exists J:\workspace\practive\practive1\ThinkPHP\Common\build.php 第 63 行.
NOTIC: [2] mkdir(): File exists J:\workspace\practive\practive1\ThinkPHP\Common\build.php 第 63 行.
NOTIC: [2] mkdir(): File exists J:\workspace\practive\practive1\ThinkPHP\Common\build.php 第 63 行.
NOTIC: [2] mkdir(): File exists J:\workspace\practive\practive1\ThinkPHP\Common\build.php 第 63 行.
NOTIC: [2] mkdir(): File exists J:\workspace\practive\practive1\ThinkPHP\Common\build.php 第 63 行.
NOTIC: [2] mkdir(): File exists J:\workspace\practive\practive1\ThinkPHP\Common\build.php 第 63 行.
NOTIC: [2] mkdir(): File exists J:\workspace\practive\practive1\ThinkPHP\Common\build.php 第 63 行.
INFO: [ app_init ] --START--
INFO: Run Behavior\BuildLiteBehavior [ RunTime:0.000015s ]
INFO: [ app_init ] --END-- [ RunTime:0.000074s ]
ERR: 无法加载模块:Home

[ 2019-07-25T17:43:38+08:00 ] ::1 /
NOTIC: [2] mkdir(): File exists J:\workspace\practive\practive1\ThinkPHP\Common\build.php 第 44 行.
NOTIC: [2] mkdir(): File exists J:\workspace\practive\practive1\ThinkPHP\Common\build.php 第 63 行.
NOTIC: [2] mkdir(): File exists J:\workspace\practive\practive1\ThinkPHP\Common\build.php 第 63 行.
NOTIC: [2] mkdir(): File exists J:\workspace\practive\practive1\ThinkPHP\Common\build.php 第 63 行.
NOTIC: [2] mkdir(): File exists J:\workspace\practive\practive1\ThinkPHP\Common\build.php 第 63 行.
NOTIC: [2] mkdir(): File exists J:\workspace\practive\practive1\ThinkPHP\Common\build.php 第 63 行.
NOTIC: [2] mkdir(): File exists J:\workspace\practive\practive1\ThinkPHP\Common\build.php 第 63 行.
NOTIC: [2] mkdir(): File exists J:\workspace\practive\practive1\ThinkPHP\Common\build.php 第 63 行.
NOTIC: [2] mkdir(): File exists J:\workspace\practive\practive1\ThinkPHP\Common\build.php 第 63 行.
NOTIC: [2] mkdir(): File exists J:\workspace\practive\practive1\ThinkPHP\Common\build.php 第 63 行.
NOTIC: [2] mkdir(): File exists J:\workspace\practive\practive1\ThinkPHP\Common\build.php 第 63 行.
NOTIC: [2] mkdir(): File exists J:\workspace\practive\practive1\ThinkPHP\Common\build.php 第 63 行.
NOTIC: [2] mkdir(): File exists J:\workspace\practive\practive1\ThinkPHP\Common\build.php 第 63 行.
NOTIC: [2] mkdir(): File exists J:\workspace\practive\practive1\ThinkPHP\Common\build.php 第 63 行.
NOTIC: [2] mkdir(): File exists J:\workspace\practive\practive1\ThinkPHP\Common\build.php 第 63 行.
INFO: [ app_init ] --START--
INFO: Run Behavior\BuildLiteBehavior [ RunTime:0.000020s ]
INFO: [ app_init ] --END-- [ RunTime:0.000121s ]
ERR: 无法加载模块:Home

[ 2019-07-25T17:44:53+08:00 ] ::1 /
NOTIC: [2] mkdir(): File exists J:\workspace\practive\practive1\ThinkPHP\Common\build.php 第 44 行.
NOTIC: [2] mkdir(): File exists J:\workspace\practive\practive1\ThinkPHP\Common\build.php 第 63 行.
NOTIC: [2] mkdir(): File exists J:\workspace\practive\practive1\ThinkPHP\Common\build.php 第 63 行.
NOTIC: [2] mkdir(): File exists J:\workspace\practive\practive1\ThinkPHP\Common\build.php 第 63 行.
NOTIC: [2] mkdir(): File exists J:\workspace\practive\practive1\ThinkPHP\Common\build.php 第 63 行.
NOTIC: [2] mkdir(): File exists J:\workspace\practive\practive1\ThinkPHP\Common\build.php 第 63 行.
NOTIC: [2] mkdir(): File exists J:\workspace\practive\practive1\ThinkPHP\Common\build.php 第 63 行.
NOTIC: [2] mkdir(): File exists J:\workspace\practive\practive1\ThinkPHP\Common\build.php 第 63 行.
NOTIC: [2] mkdir(): File exists J:\workspace\practive\practive1\ThinkPHP\Common\build.php 第 63 行.
NOTIC: [2] mkdir(): File exists J:\workspace\practive\practive1\ThinkPHP\Common\build.php 第 63 行.
NOTIC: [2] mkdir(): File exists J:\workspace\practive\practive1\ThinkPHP\Common\build.php 第 63 行.
NOTIC: [2] mkdir(): File exists J:\workspace\practive\practive1\ThinkPHP\Common\build.php 第 63 行.
NOTIC: [2] mkdir(): File exists J:\workspace\practive\practive1\ThinkPHP\Common\build.php 第 63 行.
NOTIC: [2] mkdir(): File exists J:\workspace\practive\practive1\ThinkPHP\Common\build.php 第 63 行.
NOTIC: [2] mkdir(): File exists J:\workspace\practive\practive1\ThinkPHP\Common\build.php 第 63 行.
INFO: [ app_init ] --START--
INFO: Run Behavior\BuildLiteBehavior [ RunTime:0.000020s ]
INFO: [ app_init ] --END-- [ RunTime:0.000147s ]
ERR: 无法加载模块:Home

[ 2019-07-25T17:46:39+08:00 ] ::1 /
NOTIC: [2] mkdir(): File exists J:\workspace\practive\practive1\ThinkPHP\Common\build.php 第 44 行.
NOTIC: [2] mkdir(): File exists J:\workspace\practive\practive1\ThinkPHP\Common\build.php 第 63 行.
NOTIC: [2] mkdir(): File exists J:\workspace\practive\practive1\ThinkPHP\Common\build.php 第 63 行.
NOTIC: [2] mkdir(): File exists J:\workspace\practive\practive1\ThinkPHP\Common\build.php 第 63 行.
NOTIC: [2] mkdir(): File exists J:\workspace\practive\practive1\ThinkPHP\Common\build.php 第 63 行.
NOTIC: [2] mkdir(): File exists J:\workspace\practive\practive1\ThinkPHP\Common\build.php 第 63 行.
NOTIC: [2] mkdir(): File exists J:\workspace\practive\practive1\ThinkPHP\Common\build.php 第 63 行.
NOTIC: [2] mkdir(): File exists J:\workspace\practive\practive1\ThinkPHP\Common\build.php 第 63 行.
NOTIC: [2] mkdir(): File exists J:\workspace\practive\practive1\ThinkPHP\Common\build.php 第 63 行.
NOTIC: [2] mkdir(): File exists J:\workspace\practive\practive1\ThinkPHP\Common\build.php 第 63 行.
NOTIC: [2] mkdir(): File exists J:\workspace\practive\practive1\ThinkPHP\Common\build.php 第 63 行.
NOTIC: [2] mkdir(): File exists J:\workspace\practive\practive1\ThinkPHP\Common\build.php 第 63 行.
NOTIC: [2] mkdir(): File exists J:\workspace\practive\practive1\ThinkPHP\Common\build.php 第 63 行.
NOTIC: [2] mkdir(): File exists J:\workspace\practive\practive1\ThinkPHP\Common\build.php 第 63 行.
NOTIC: [2] mkdir(): File exists J:\workspace\practive\practive1\ThinkPHP\Common\build.php 第 63 行.
INFO: [ app_init ] --START--
INFO: Run Behavior\BuildLiteBehavior [ RunTime:0.000012s ]
INFO: [ app_init ] --END-- [ RunTime:0.000072s ]
ERR: 无法加载模块:Home

[ 2019-07-25T17:47:05+08:00 ] ::1 /index.php?m=message&a=logintips
INFO: [ app_init ] --START--
INFO: Run Behavior\BuildLiteBehavior [ RunTime:0.000020s ]
INFO: [ app_init ] --END-- [ RunTime:0.000552s ]
ERR: 无法加载模块:Message

[ 2019-07-25T17:47:06+08:00 ] ::1 /index.php?m=message&a=tips
INFO: [ app_init ] --START--
INFO: Run Behavior\BuildLiteBehavior [ RunTime:0.000013s ]
INFO: [ app_init ] --END-- [ RunTime:0.000515s ]
ERR: 无法加载模块:Message

[ 2019-07-25T17:50:53+08:00 ] ::1 /_blank
INFO: [ app_init ] --START--
INFO: Run Behavior\BuildLiteBehavior [ RunTime:0.000016s ]
INFO: [ app_init ] --END-- [ RunTime:0.000446s ]
ERR: 无法加载模块:_blank

[ 2019-07-25T17:51:00+08:00 ] ::1 /_blank
INFO: [ app_init ] --START--
INFO: Run Behavior\BuildLiteBehavior [ RunTime:0.000020s ]
INFO: [ app_init ] --END-- [ RunTime:0.000420s ]
ERR: 无法加载模块:_blank

[ 2019-07-25T17:51:30+08:00 ] ::1 /_blank
INFO: [ app_init ] --START--
INFO: Run Behavior\BuildLiteBehavior [ RunTime:0.000019s ]
INFO: [ app_init ] --END-- [ RunTime:0.000469s ]
ERR: 无法加载模块:_blank

[ 2019-07-25T17:52:29+08:00 ] ::1 /_blank
INFO: [ app_init ] --START--
INFO: Run Behavior\BuildLiteBehavior [ RunTime:0.000012s ]
INFO: [ app_init ] --END-- [ RunTime:0.000295s ]
ERR: 无法加载模块:_blank

[ 2019-07-25T17:52:36+08:00 ] ::1 /_blank
INFO: [ app_init ] --START--
INFO: Run Behavior\BuildLiteBehavior [ RunTime:0.000020s ]
INFO: [ app_init ] --END-- [ RunTime:0.000509s ]
ERR: 无法加载模块:_blank

[ 2019-07-25T17:52:42+08:00 ] ::1 /index.php?m=message&a=tips
INFO: [ app_init ] --START--
INFO: Run Behavior\BuildLiteBehavior [ RunTime:0.000022s ]
INFO: [ app_init ] --END-- [ RunTime:0.000597s ]
ERR: 无法加载模块:Message

[ 2019-07-25T17:56:02+08:00 ] ::1 /index.php?m=message&a=logintips
INFO: [ app_init ] --START--
INFO: Run Behavior\BuildLiteBehavior [ RunTime:0.000020s ]
INFO: [ app_init ] --END-- [ RunTime:0.000632s ]
ERR: 无法加载模块:Message

[ 2019-07-25T18:01:03+08:00 ] ::1 /index.php?m=message&a=tips
INFO: [ app_init ] --START--
INFO: Run Behavior\BuildLiteBehavior [ RunTime:0.000011s ]
INFO: [ app_init ] --END-- [ RunTime:0.000337s ]
ERR: 无法加载模块:Message

