[ 2019-08-01T10:36:32+08:00 ] ::1 /index.php/css/base.css
ERR: 无法加载模块:Css

[ 2019-08-01T10:36:33+08:00 ] ::1 /index.php/css/jquery.dialog.css
ERR: 无法加载模块:Css

[ 2019-08-01T10:36:33+08:00 ] ::1 /index.php/css/index.css
ERR: 无法加载模块:Css

[ 2019-08-01T10:36:33+08:00 ] ::1 /index.php/js/jquery.js
ERR: 无法加载模块:Js

[ 2019-08-01T10:36:33+08:00 ] ::1 /index.php/js/common.js
ERR: 无法加载模块:Js

[ 2019-08-01T10:36:33+08:00 ] ::1 /index.php/js/core.js
ERR: 无法加载模块:Js

[ 2019-08-01T10:36:33+08:00 ] ::1 /index.php/js/jquery.dialog.js
ERR: 无法加载模块:Js

[ 2019-08-01T10:36:33+08:00 ] ::1 /index.php/js/index.js
ERR: 无法加载模块:Js

[ 2019-08-01T10:39:41+08:00 ] ::1 /index.php/js/jquery.js
ERR: 无法加载模块:Js

[ 2019-08-01T10:39:42+08:00 ] ::1 /index.php/js/common.js
ERR: 无法加载模块:Js

[ 2019-08-01T10:39:42+08:00 ] ::1 /index.php/js/core.js
ERR: 无法加载模块:Js

[ 2019-08-01T10:39:42+08:00 ] ::1 /index.php/js/jquery.dialog.js
ERR: 无法加载模块:Js

[ 2019-08-01T10:39:42+08:00 ] ::1 /index.php/js/index.js
ERR: 无法加载模块:Js

[ 2019-08-01T10:39:42+08:00 ] ::1 /index.php/js/common.js
ERR: 无法加载模块:Js

[ 2019-08-01T10:39:42+08:00 ] ::1 /index.php/js/core.js
ERR: 无法加载模块:Js

[ 2019-08-01T10:39:42+08:00 ] ::1 /index.php/js/jquery.dialog.js
ERR: 无法加载模块:Js

[ 2019-08-01T10:39:42+08:00 ] ::1 /index.php/js/index.js
ERR: 无法加载模块:Js

[ 2019-08-01T10:47:48+08:00 ] ::1 /index.php/_blank
ERR: 无法加载模块:_blank

[ 2019-08-01T10:47:54+08:00 ] ::1 /index.php/_blank
ERR: 无法加载模块:_blank

[ 2019-08-01T10:47:57+08:00 ] ::1 /index.php/_blank
ERR: 无法加载模块:_blank

[ 2019-08-01T11:04:31+08:00 ] ::1 /index.php/info-reg.html
ERR: 无法加载模块:Info-reg

[ 2019-08-01T11:04:39+08:00 ] ::1 /index.php/info-reg.html
ERR: 无法加载模块:Info-reg

[ 2019-08-01T11:05:23+08:00 ] ::1 /index.php/info-reg.html
ERR: 无法加载模块:Info-reg

